<?xml version="1.0" encoding="UTF-8"?>
<testng-results skipped="0" failed="0" ignored="0" total="1" passed="1">
  <reporter-output>
  </reporter-output>
  <suite name="Default suite" duration-ms="16574" started-at="2019-05-06T20:52:16Z" finished-at="2019-05-06T20:52:33Z">
    <groups>
    </groups>
    <test name="Default test" duration-ms="16574" started-at="2019-05-06T20:52:16Z" finished-at="2019-05-06T20:52:33Z">
      <class name="main.landing">
        <test-method status="PASS" signature="getdata()[pri:0, instance:main.landing@399f45b1]" name="getdata" duration-ms="16555" started-at="2019-05-06T20:52:16Z" finished-at="2019-05-06T20:52:33Z">
          <reporter-output>
          </reporter-output>
        </test-method> <!-- getdata -->
      </class> <!-- main.landing -->
    </test> <!-- Default test -->
  </suite> <!-- Default suite -->
</testng-results>
